[debug] [2021-01-03T17:22:23.831Z] ----------------------------------------------------------------------
[debug] [2021-01-03T17:22:23.835Z] Command:       /usr/local/bin/node /usr/local/bin/firebase deploy
[debug] [2021-01-03T17:22:23.836Z] CLI Version:   8.16.2
[debug] [2021-01-03T17:22:23.837Z] Platform:      darwin
[debug] [2021-01-03T17:22:23.837Z] Node Version:  v14.15.1
[debug] [2021-01-03T17:22:23.853Z] Time:          Sun Jan 03 2021 17:22:23 GMT+0000 (Greenwich Mean Time)
[debug] [2021-01-03T17:22:23.853Z] ----------------------------------------------------------------------
[debug] [2021-01-03T17:22:23.853Z] 
[debug] [2021-01-03T17:22:23.870Z] > command requires scopes: ["email","openid","https://www.googleapis.com/auth/cloudplatformprojects.readonly","https://www.googleapis.com/auth/firebase","https://www.googleapis.com/auth/cloud-platform"]
[debug] [2021-01-03T17:22:23.871Z] > authorizing via signed-in user
[debug] [2021-01-03T17:22:23.872Z] [iam] checking project house-of-donuts-ad052 for permissions ["firebase.projects.get","firebasehosting.sites.update"]
[debug] [2021-01-03T17:22:23.882Z] > refreshing access token with scopes: ["email","https://www.googleapis.com/auth/cloud-platform","https://www.googleapis.com/auth/cloudplatformprojects.readonly","https://www.googleapis.com/auth/firebase","openid"]
[debug] [2021-01-03T17:22:23.882Z] >>> HTTP REQUEST POST https://www.googleapis.com/oauth2/v3/token  
 <request body omitted>
[debug] [2021-01-03T17:22:24.134Z] <<< HTTP RESPONSE 200 {"cache-control":"no-cache, no-store, max-age=0, must-revalidate","date":"Sun, 03 Jan 2021 17:22:24 GMT","pragma":"no-cache","expires":"Mon, 01 Jan 1990 00:00:00 GMT","content-type":"application/json; charset=utf-8","vary":"X-Origin, Referer, Origin,Accept-Encoding","server":"scaffolding on HTTPServer2","x-xss-protection":"0","x-frame-options":"SAMEORIGIN","x-content-type-options":"nosniff","alt-svc":"h3-29=\":443\"; ma=2592000,h3-T051=\":443\"; ma=2592000,h3-Q050=\":443\"; ma=2592000,h3-Q046=\":443\"; ma=2592000,h3-Q043=\":443\"; ma=2592000,quic=\":443\"; ma=2592000; v=\"46,43\"","accept-ranges":"none","transfer-encoding":"chunked"}
[debug] [2021-01-03T17:22:24.151Z] >>> HTTP REQUEST POST https://cloudresourcemanager.googleapis.com/v1/projects/house-of-donuts-ad052:testIamPermissions  
 {"permissions":["firebase.projects.get","firebasehosting.sites.update"]}
[debug] [2021-01-03T17:22:24.971Z] <<< HTTP RESPONSE 200 {"content-type":"application/json; charset=UTF-8","vary":"X-Origin, Referer, Origin,Accept-Encoding","date":"Sun, 03 Jan 2021 17:22:24 GMT","server":"ESF","cache-control":"private","x-xss-protection":"0","x-frame-options":"SAMEORIGIN","x-content-type-options":"nosniff","server-timing":"gfet4t7; dur=550","alt-svc":"h3-29=\":443\"; ma=2592000,h3-T051=\":443\"; ma=2592000,h3-Q050=\":443\"; ma=2592000,h3-Q046=\":443\"; ma=2592000,h3-Q043=\":443\"; ma=2592000,quic=\":443\"; ma=2592000; v=\"46,43\"","accept-ranges":"none","transfer-encoding":"chunked"}
[debug] [2021-01-03T17:22:24.974Z] >>> HTTP REQUEST GET https://firebase.googleapis.com/v1beta1/projects/house-of-donuts-ad052  
 
[debug] [2021-01-03T17:22:25.196Z] <<< HTTP RESPONSE 200 {"content-type":"application/json; charset=UTF-8","vary":"X-Origin, Referer, Origin,Accept-Encoding","date":"Sun, 03 Jan 2021 17:22:25 GMT","server":"ESF","cache-control":"private","x-xss-protection":"0","x-frame-options":"SAMEORIGIN","x-content-type-options":"nosniff","alt-svc":"h3-29=\":443\"; ma=2592000,h3-T051=\":443\"; ma=2592000,h3-Q050=\":443\"; ma=2592000,h3-Q046=\":443\"; ma=2592000,h3-Q043=\":443\"; ma=2592000,quic=\":443\"; ma=2592000; v=\"46,43\"","accept-ranges":"none","transfer-encoding":"chunked"}
[info] 
[info] === Deploying to 'house-of-donuts-ad052'...
[info] 
[info] i  deploying hosting 
[debug] [2021-01-03T17:22:25.207Z] >>> HTTP REQUEST POST https://firebasehosting.googleapis.com/v1beta1/sites/house-of-donuts-ad052/versions  
 {"config":{"rewrites":[{"glob":"**","path":"/index.html"}]},"labels":{"deployment-tool":"cli-firebase"}}
[debug] [2021-01-03T17:22:26.609Z] <<< HTTP RESPONSE 200 {"content-type":"application/json; charset=UTF-8","vary":"X-Origin, Referer, Origin,Accept-Encoding","date":"Sun, 03 Jan 2021 17:22:26 GMT","server":"ESF","cache-control":"private","x-xss-protection":"0","x-frame-options":"SAMEORIGIN","x-content-type-options":"nosniff","alt-svc":"h3-29=\":443\"; ma=2592000,h3-T051=\":443\"; ma=2592000,h3-Q050=\":443\"; ma=2592000,h3-Q046=\":443\"; ma=2592000,h3-Q043=\":443\"; ma=2592000,quic=\":443\"; ma=2592000; v=\"46,43\"","accept-ranges":"none","transfer-encoding":"chunked"}
[info] i  hosting[house-of-donuts-ad052]: beginning deploy... 
[info] i  hosting[house-of-donuts-ad052]: found 43 files in build 
[debug] [2021-01-03T17:22:28.095Z] [hosting] hash cache [YnVpbGQ] stored for 43 files
[debug] [2021-01-03T17:22:28.096Z] [hosting][hash queue][FINAL] {"max":1448,"min":161,"avg":333.6046511627907,"active":0,"complete":43,"success":43,"errored":0,"retried":0,"total":43,"elapsed":1462}
[debug] [2021-01-03T17:22:28.096Z] >>> HTTP REQUEST POST https://firebasehosting.googleapis.com/v1beta1/sites/house-of-donuts-ad052/versions/383759c1466f30a7:populateFiles  
 <request body omitted>
[debug] [2021-01-03T17:22:28.657Z] <<< HTTP RESPONSE 200 {"content-type":"application/json; charset=UTF-8","vary":"X-Origin, Referer, Origin,Accept-Encoding","date":"Sun, 03 Jan 2021 17:22:28 GMT","server":"ESF","cache-control":"private","x-xss-protection":"0","x-frame-options":"SAMEORIGIN","x-content-type-options":"nosniff","alt-svc":"h3-29=\":443\"; ma=2592000,h3-T051=\":443\"; ma=2592000,h3-Q050=\":443\"; ma=2592000,h3-Q046=\":443\"; ma=2592000,h3-Q043=\":443\"; ma=2592000,quic=\":443\"; ma=2592000; v=\"46,43\"","accept-ranges":"none","transfer-encoding":"chunked"}
[debug] [2021-01-03T17:22:28.682Z] [hosting][populate queue][FINAL] {"max":568,"min":568,"avg":568,"active":0,"complete":1,"success":1,"errored":0,"retried":0,"total":1,"elapsed":590}
[debug] [2021-01-03T17:22:28.682Z] [hosting] uploads queued: 21
